mode: set
template/models/logic/cards/deck.go:16.21,21.32 4 1
template/models/logic/cards/deck.go:26.2,26.14 1 1
template/models/logic/cards/deck.go:21.32,22.35 1 1
template/models/logic/cards/deck.go:22.35,24.4 1 1
template/models/logic/cards/deck.go:30.23,31.24 1 1
template/models/logic/cards/deck.go:31.24,33.3 1 1
template/models/logic/cards/deck.go:37.57,41.2 3 1
template/models/logic/cards/deck.go:43.32,45.2 1 1
template/models/logic/cards/deck.go:48.49,50.2 1 1
template/models/logic/cards/deck.go:53.53,55.16 2 1
template/models/logic/cards/deck.go:59.2,60.21 2 1
template/models/logic/cards/deck.go:55.16,58.3 2 0
template/models/logic/cards/deck.go:64.25,67.19 3 1
template/models/logic/cards/deck.go:67.19,70.3 2 1
template/models/logic/cards/main.go:10.13,28.26 10 0
template/models/logic/cards/main.go:33.2,34.24 2 0
template/models/logic/cards/main.go:37.2,45.9 6 0
template/models/logic/cards/main.go:28.26,30.3 1 0
template/models/logic/cards/main.go:34.24,36.3 1 0
