mode: set
template/models/logic/svclog/base.go:15.13,16.38 1 1
template/models/logic/svclog/base.go:16.38,18.3 1 1
template/models/logic/svclog/base.go:18.8,20.3 1 0
template/models/logic/svclog/svclog.go:12.82,14.16 2 1
template/models/logic/svclog/svclog.go:18.2,18.8 1 1
template/models/logic/svclog/svclog.go:14.16,16.3 1 0
template/models/logic/svclog/svclog.go:25.29,28.16 3 1
template/models/logic/svclog/svclog.go:32.2,32.8 1 1
template/models/logic/svclog/svclog.go:28.16,30.3 1 0
template/models/logic/svclog/svclog.go:40.3,54.16 9 1
template/models/logic/svclog/svclog.go:59.2,60.16 2 1
template/models/logic/svclog/svclog.go:68.2,69.16 2 1
template/models/logic/svclog/svclog.go:54.16,57.3 2 0
template/models/logic/svclog/svclog.go:60.16,66.3 4 0
template/models/logic/svclog/svclog.go:69.16,75.3 4 0
template/models/logic/svclog/svclog.go:82.3,92.16 6 1
template/models/logic/svclog/svclog.go:97.2,98.16 2 1
template/models/logic/svclog/svclog.go:106.2,107.16 2 1
template/models/logic/svclog/svclog.go:92.16,95.3 2 0
template/models/logic/svclog/svclog.go:98.16,104.3 4 0
template/models/logic/svclog/svclog.go:107.16,113.3 4 0
template/models/logic/svclog/svclog.go:120.32,130.16 6 1
template/models/logic/svclog/svclog.go:135.2,136.16 2 1
template/models/logic/svclog/svclog.go:144.2,145.16 2 1
template/models/logic/svclog/svclog.go:153.2,153.8 1 1
template/models/logic/svclog/svclog.go:130.16,133.3 2 0
template/models/logic/svclog/svclog.go:136.16,142.3 4 0
template/models/logic/svclog/svclog.go:145.16,151.3 4 0
template/models/logic/svclog/svclog.go:160.3,169.16 5 1
template/models/logic/svclog/svclog.go:174.2,175.16 2 1
template/models/logic/svclog/svclog.go:183.2,184.16 2 1
template/models/logic/svclog/svclog.go:169.16,172.3 2 0
template/models/logic/svclog/svclog.go:175.16,181.3 4 0
template/models/logic/svclog/svclog.go:184.16,190.3 4 0
